<?xml version="1.0" encoding="UTF-8" standalone="no"?><testsuite errors="1" failures="0" name="validar usuario" skipped="0" tests="1" time="51.91" timestamp="2023-10-13 04:22:31"><testcase name="Registro de usuario exitoso"><error message="no such element: Unable to locate element: {&quot;method&quot;:&quot;css selector&quot;,&quot;selector&quot;:&quot;#register\.firstName&quot;}&#10;  (Session info: chrome=118.0.5993.70)&#10;For documentation on this error, please visit: https://selenium.dev/exceptions/#no_such_element&#10;Build info: version: '4.7.1', revision: 'c6795baf1a3'&#10;System info: os.name: 'Windows 11', os.arch: 'amd64', os.version: '10.0', java.version: '11.0.20.1'&#10;Driver info: org.openqa.selenium.chrome.ChromeDriver&#10;Command: [36ada7b4c81d2e92f02e0c8cc992931e, findElement {using=id, value=register.firstName}]&#10;Capabilities {acceptInsecureCerts: false, browserName: chrome, browserVersion: 118.0.5993.70, chrome: {chromedriverVersion: 118.0.5993.70 (e52f33f30b91..., userDataDir: C:\Users\SQA\AppData\Local\...}, fedcm:accounts: true, goog:chromeOptions: {debuggerAddress: localhost:63485}, networkConnectionEnabled: false, pageLoadStrategy: normal, platformName: WINDOWS, proxy: Proxy(), se:cdp: ws://localhost:63485/devtoo..., se:cdpVersion: 118.0.5993.70, setWindowRect: true, strictFileInteractability: false, timeouts: {implicit: 0, pageLoad: 300000, script: 30000}, unhandledPromptBehavior: dismiss and notify, webauthn:extension:credBlob: true, webauthn:extension:largeBlob: true, webauthn:extension:minPinLength: true, webauthn:extension:prf: true, webauthn:virtualAuthenticators: true}&#10;Session ID: 36ada7b4c81d2e92f02e0c8cc992931e&#10;For documentation on this error, please visit: https://selenium.dev/exceptions/#no_such_element&#10;Build info: version: '4.7.1', revision: 'c6795baf1a3'&#10;System info: os.name: 'Windows 11', os.arch: 'amd64', os.version: '10.0', java.version: '11.0.20.1'&#10;Driver info: driver.version: unknown" type="org.openqa.selenium.NoSuchElementException">no such element: Unable to locate element: {"method":"css selector","selector":"#register\.firstName"}
  (Session info: chrome=118.0.5993.70)
For documentation on this error, please visit: https://selenium.dev/exceptions/#no_such_element
Build info: version: '4.7.1', revision: 'c6795baf1a3'
System info: os.name: 'Windows 11', os.arch: 'amd64', os.version: '10.0', java.version: '11.0.20.1'
Driver info: org.openqa.selenium.chrome.ChromeDriver
Command: [36ada7b4c81d2e92f02e0c8cc992931e, findElement {using=id, value=register.firstName}]
Capabilities {acceptInsecureCerts: false, browserName: chrome, browserVersion: 118.0.5993.70, chrome: {chromedriverVersion: 118.0.5993.70 (e52f33f30b91..., userDataDir: C:\Users\SQA\AppData\Local\...}, fedcm:accounts: true, goog:chromeOptions: {debuggerAddress: localhost:63485}, networkConnectionEnabled: false, pageLoadStrategy: normal, platformName: WINDOWS, proxy: Proxy(), se:cdp: ws://localhost:63485/devtoo..., se:cdpVersion: 118.0.5993.70, setWindowRect: true, strictFileInteractability: false, timeouts: {implicit: 0, pageLoad: 300000, script: 30000}, unhandledPromptBehavior: dismiss and notify, webauthn:extension:credBlob: true, webauthn:extension:largeBlob: true, webauthn:extension:minPinLength: true, webauthn:extension:prf: true, webauthn:virtualAuthenticators: true}
Session ID: 36ada7b4c81d2e92f02e0c8cc992931e
For documentation on this error, please visit: https://selenium.dev/exceptions/#no_such_element
Build info: version: '4.7.1', revision: 'c6795baf1a3'
System info: os.name: 'Windows 11', os.arch: 'amd64', os.version: '10.0', java.version: '11.0.20.1'
Driver info: driver.version: unknown</error><system-err>no such element: Unable to locate element: {"method":"css selector","selector":"#register\.firstName"}
  (Session info: chrome=118.0.5993.70)
For documentation on this error, please visit: https://selenium.dev/exceptions/#no_such_element
Build info: version: '4.7.1', revision: 'c6795baf1a3'
System info: os.name: 'Windows 11', os.arch: 'amd64', os.version: '10.0', java.version: '11.0.20.1'
Driver info: org.openqa.selenium.chrome.ChromeDriver
Command: [36ada7b4c81d2e92f02e0c8cc992931e, findElement {using=id, value=register.firstName}]
Capabilities {acceptInsecureCerts: false, browserName: chrome, browserVersion: 118.0.5993.70, chrome: {chromedriverVersion: 118.0.5993.70 (e52f33f30b91..., userDataDir: C:\Users\SQA\AppData\Local\...}, fedcm:accounts: true, goog:chromeOptions: {debuggerAddress: localhost:63485}, networkConnectionEnabled: false, pageLoadStrategy: normal, platformName: WINDOWS, proxy: Proxy(), se:cdp: ws://localhost:63485/devtoo..., se:cdpVersion: 118.0.5993.70, setWindowRect: true, strictFileInteractability: false, timeouts: {implicit: 0, pageLoad: 300000, script: 30000}, unhandledPromptBehavior: dismiss and notify, webauthn:extension:credBlob: true, webauthn:extension:largeBlob: true, webauthn:extension:minPinLength: true, webauthn:extension:prf: true, webauthn:virtualAuthenticators: true}
Session ID: 36ada7b4c81d2e92f02e0c8cc992931e
For documentation on this error, please visit: https://selenium.dev/exceptions/#no_such_element
Build info: version: '4.7.1', revision: 'c6795baf1a3'
System info: os.name: 'Windows 11', os.arch: 'amd64', os.version: '10.0', java.version: '11.0.20.1'
Driver info: driver.version: unknown&#13;
com.alkomprar.steps.RegistroSteps.ingresarDatos(RegistroSteps.java:32)&#13;
com.alkomprar.stepDefinitions.RegistroStepDefinitions.elUsuarioIngresaLaInformacionDeRegistro(RegistroStepDefinitions.java:47)&#13;
✽.el usuario ingresa la informacion de registro(file:///C:/Users/SQA/IdeaProjects/PatronPOM-alkomprar/src/test/resources/feautres/RegistroDeUsuario.feature:9)&#13;
</system-err></testcase></testsuite>